[debug] [2018-04-19T19:43:59.633Z] ----------------------------------------------------------------------
[debug] [2018-04-19T19:43:59.635Z] Command:       /usr/local/bin/node /usr/local/bin/firebase deploy
[debug] [2018-04-19T19:43:59.635Z] CLI Version:   3.18.4
[debug] [2018-04-19T19:43:59.635Z] Platform:      darwin
[debug] [2018-04-19T19:43:59.635Z] Node Version:  v8.10.0
[debug] [2018-04-19T19:43:59.636Z] Time:          Thu Apr 19 2018 21:43:59 GMT+0200 (CEST)
[debug] [2018-04-19T19:43:59.636Z] ----------------------------------------------------------------------
[debug] 
[debug] [2018-04-19T19:43:59.646Z] > command requires scopes: ["email","openid","https://www.googleapis.com/auth/cloudplatformprojects.readonly","https://www.googleapis.com/auth/firebase","https://www.googleapis.com/auth/cloud-platform"]
[debug] [2018-04-19T19:43:59.646Z] > authorizing via signed-in user
[debug] [2018-04-19T19:43:59.647Z] > refreshing access token with scopes: ["email","https://www.googleapis.com/auth/cloud-platform","https://www.googleapis.com/auth/cloudplatformprojects.readonly","https://www.googleapis.com/auth/firebase","openid"]
[debug] [2018-04-19T19:43:59.647Z] >>> HTTP REQUEST POST https://www.googleapis.com/oauth2/v3/token  
 { refresh_token: '1/9SKH4ZQG1FK5SXWIEfaB0Xw-FZHpK-SYWqpv40ekWVo',
  client_id: '563584335869-fgrhgmd47bqnekij5i8b5pr03ho849e6.apps.googleusercontent.com',
  client_secret: 'j9iVZfS8kkCEFUPaAeJV0sAi',
  grant_type: 'refresh_token',
  scope: 'email https://www.googleapis.com/auth/cloud-platform https://www.googleapis.com/auth/cloudplatformprojects.readonly https://www.googleapis.com/auth/firebase openid' } 
 Thu Apr 19 2018 21:43:59 GMT+0200 (CEST)
[debug] [2018-04-19T19:44:00.878Z] <<< HTTP RESPONSE 200
[debug] [2018-04-19T19:44:00.896Z] >>> HTTP REQUEST GET https://admin.firebase.com/v1/projects/ilearn  
  
 Thu Apr 19 2018 21:44:00 GMT+0200 (CEST)
[debug] [2018-04-19T19:44:06.104Z] <<< HTTP RESPONSE 404
[debug] [2018-04-19T19:44:06.104Z] <<< HTTP RESPONSE BODY
[debug] [2018-04-19T19:44:06.105Z] >>> HTTP REQUEST GET https://admin.firebase.com/v1/projects  
  
 Thu Apr 19 2018 21:44:06 GMT+0200 (CEST)
[debug] [2018-04-19T19:44:10.262Z] <<< HTTP RESPONSE 200
[info] 
[warn] ⚠  Your CLI authentication needs to be updated to take advantage of new features.
[warn] ⚠  Please run firebase login --reauth
[info] 
[debug] [2018-04-19T19:44:10.265Z] > command requires scopes: ["email","openid","https://www.googleapis.com/auth/cloudplatformprojects.readonly","https://www.googleapis.com/auth/firebase"]
[debug] [2018-04-19T19:44:10.265Z] > authorizing via signed-in user
[debug] [2018-04-19T19:44:10.265Z] > refreshing access token with scopes: ["email","https://www.googleapis.com/auth/cloudplatformprojects.readonly","https://www.googleapis.com/auth/firebase","openid"]
[debug] [2018-04-19T19:44:10.266Z] >>> HTTP REQUEST POST https://www.googleapis.com/oauth2/v3/token  
 { refresh_token: '1/9SKH4ZQG1FK5SXWIEfaB0Xw-FZHpK-SYWqpv40ekWVo',
  client_id: '563584335869-fgrhgmd47bqnekij5i8b5pr03ho849e6.apps.googleusercontent.com',
  client_secret: 'j9iVZfS8kkCEFUPaAeJV0sAi',
  grant_type: 'refresh_token',
  scope: 'email https://www.googleapis.com/auth/cloudplatformprojects.readonly https://www.googleapis.com/auth/firebase openid' } 
 Thu Apr 19 2018 21:44:10 GMT+0200 (CEST)
[debug] [2018-04-19T19:44:10.613Z] <<< HTTP RESPONSE 200
[debug] [2018-04-19T19:44:10.632Z] >>> HTTP REQUEST GET https://admin.firebase.com/v1/projects/ilearn  
  
 Thu Apr 19 2018 21:44:10 GMT+0200 (CEST)
[debug] [2018-04-19T19:44:15.345Z] <<< HTTP RESPONSE 404
[debug] [2018-04-19T19:44:15.345Z] <<< HTTP RESPONSE BODY
[debug] [2018-04-19T19:44:15.346Z] >>> HTTP REQUEST GET https://admin.firebase.com/v1/projects  
  
 Thu Apr 19 2018 21:44:15 GMT+0200 (CEST)
[debug] [2018-04-19T19:44:44.644Z] ----------------------------------------------------------------------
[debug] [2018-04-19T19:44:44.646Z] Command:       /usr/local/bin/node /usr/local/bin/firebase deploy
[debug] [2018-04-19T19:44:44.646Z] CLI Version:   3.18.4
[debug] [2018-04-19T19:44:44.646Z] Platform:      darwin
[debug] [2018-04-19T19:44:44.646Z] Node Version:  v8.10.0
[debug] [2018-04-19T19:44:44.647Z] Time:          Thu Apr 19 2018 21:44:44 GMT+0200 (CEST)
[debug] [2018-04-19T19:44:44.647Z] ----------------------------------------------------------------------
[debug] 
[debug] [2018-04-19T19:44:44.657Z] > command requires scopes: ["email","openid","https://www.googleapis.com/auth/cloudplatformprojects.readonly","https://www.googleapis.com/auth/firebase","https://www.googleapis.com/auth/cloud-platform"]
[debug] [2018-04-19T19:44:44.657Z] > authorizing via signed-in user
[debug] [2018-04-19T19:44:44.658Z] > refreshing access token with scopes: ["email","https://www.googleapis.com/auth/cloud-platform","https://www.googleapis.com/auth/cloudplatformprojects.readonly","https://www.googleapis.com/auth/firebase","openid"]
[debug] [2018-04-19T19:44:44.659Z] >>> HTTP REQUEST POST https://www.googleapis.com/oauth2/v3/token  
 { refresh_token: '1/9SKH4ZQG1FK5SXWIEfaB0Xw-FZHpK-SYWqpv40ekWVo',
  client_id: '563584335869-fgrhgmd47bqnekij5i8b5pr03ho849e6.apps.googleusercontent.com',
  client_secret: 'j9iVZfS8kkCEFUPaAeJV0sAi',
  grant_type: 'refresh_token',
  scope: 'email https://www.googleapis.com/auth/cloud-platform https://www.googleapis.com/auth/cloudplatformprojects.readonly https://www.googleapis.com/auth/firebase openid' } 
 Thu Apr 19 2018 21:44:44 GMT+0200 (CEST)
[debug] [2018-04-19T19:44:44.860Z] <<< HTTP RESPONSE 200
[debug] [2018-04-19T19:44:44.877Z] >>> HTTP REQUEST GET https://admin.firebase.com/v1/projects/nekomylms  
  
 Thu Apr 19 2018 21:44:44 GMT+0200 (CEST)
[debug] [2018-04-19T19:44:46.441Z] <<< HTTP RESPONSE 200
[debug] [2018-04-19T19:44:46.442Z] >>> HTTP REQUEST GET https://admin.firebase.com/v1/database/nekomylms/tokens  
  
 Thu Apr 19 2018 21:44:46 GMT+0200 (CEST)
[debug] [2018-04-19T19:44:48.191Z] <<< HTTP RESPONSE 200
[info] 
[info] === Deploying to 'nekomylms'...
[info] 
[info] i  deploying database, hosting
[info] i  database: checking rules syntax...
[debug] [2018-04-19T19:44:51.176Z] >>> HTTP REQUEST PUT https://nekomylms.firebaseio.com/.settings/rules.json?dryRun=true  
 {
  "rules": {
    ".read": "true",
    ".write": "auth != null",
    "users": {
      "$id": {
      	"info": {
          "level": {
            ".read": "true",
    		".write": "false"
          }
        }
      }
    },
    "pages": {
      ".indexOn": ["slug"]
    },
    "posts": {
      ".indexOn": ["slug"]
    },
    "courses": {
      ".indexOn": ["slug"]
    },
    "subjects": {
      ".indexOn": ["slug"]
    },
    "modules": {
      ".indexOn": ["slug"]
    },
    "activities": {
      ".indexOn": ["slug"]
    }
  }
}
 
 Thu Apr 19 2018 21:44:51 GMT+0200 (CEST)
